[11/18/2021 07:36:47] [e(0)] core: Failed to connect to the database: No database YAML file
[11/18/2021 07:36:47] [d(0)] core: Created user based module store
[11/18/2021 07:36:48] [e(0)] core: Dependency for windows/x64/encrypted_shell_reverse_tcp is not supported
[11/18/2021 07:36:48] [e(0)] core: Dependency for windows/encrypted_shell_reverse_tcp is not supported
[11/18/2021 07:36:48] [e(0)] core: Dependency for windows/x64/encrypted_reverse_tcp is not supported
[11/18/2021 07:36:48] [e(0)] core: Dependency for windows/encrypted_reverse_tcp is not supported
[11/18/2021 07:36:48] [d(0)] core: HistoryManager.push_context name: :msfconsole
[11/18/2021 07:39:54] [d(0)] core: HistoryManager.pop_context name: :msfconsole
[11/18/2021 10:33:26] [e(0)] core: Failed to connect to the database: No database YAML file
[11/18/2021 10:33:27] [e(0)] core: Dependency for windows/x64/encrypted_shell_reverse_tcp is not supported
[11/18/2021 10:33:27] [e(0)] core: Dependency for windows/encrypted_shell_reverse_tcp is not supported
[11/18/2021 10:33:27] [e(0)] core: Dependency for windows/x64/encrypted_reverse_tcp is not supported
[11/18/2021 10:33:27] [e(0)] core: Dependency for windows/encrypted_reverse_tcp is not supported
[11/18/2021 10:33:28] [d(0)] core: HistoryManager.push_context name: :msfconsole
[11/18/2021 10:34:07] [d(0)] core: Module generic/custom is incompatible with multi/samba/usermap_script for PayloadType: limiter was cmd
[11/18/2021 10:34:07] [d(0)] core: Module generic/shell_bind_tcp is incompatible with multi/samba/usermap_script for PayloadType: limiter was cmd
[11/18/2021 10:34:07] [d(0)] core: Module generic/shell_reverse_tcp is incompatible with multi/samba/usermap_script for PayloadType: limiter was cmd
[11/18/2021 10:34:32] [d(0)] core: HistoryManager.push_context name: :shell
[11/18/2021 10:34:54] [d(0)] core: HistoryManager.pop_context name: :shell
[11/18/2021 10:35:29] [d(0)] core: HistoryManager.pop_context name: :msfconsole
[11/19/2021 11:34:49] [e(0)] core: Failed to connect to the database: No database YAML file
[11/19/2021 11:34:50] [e(0)] core: Dependency for windows/x64/encrypted_shell_reverse_tcp is not supported
[11/19/2021 11:34:50] [e(0)] core: Dependency for windows/encrypted_shell_reverse_tcp is not supported
[11/19/2021 11:34:50] [e(0)] core: Dependency for windows/x64/encrypted_reverse_tcp is not supported
[11/19/2021 11:34:50] [e(0)] core: Dependency for windows/encrypted_reverse_tcp is not supported
[11/19/2021 11:34:50] [d(0)] core: HistoryManager.push_context name: :msfconsole
[11/19/2021 11:41:17] [d(0)] core: HistoryManager.pop_context name: :msfconsole
